==== BEGIN REROLL FOR 4 DUNGEON <pmdunity.dungeon.Dungeon object at 0x29f79d0> FLOOR 1 @ 2014-12-06 20:39:11.636565====
ccopy_reg
_reconstructor
p1
(cpmdunity.dungeon
Dungeon
p2
c__builtin__
object
p3
NtRp4
(dp5
S'max_danger_level'
p6
L1L
sS'door_chance'
p7
L75L
sS'room_goal'
p8
I5
sS'min_danger_level'
p9
L1L
sS'ghost_doorways'
p10
(lp11
(I6
I18
tp12
a(I8
I14
tp13
a(I3
I10
tp14
asS'room_count'
p15
I5
sS'rooms'
p16
(lp17
(dp18
S'origin'
p19
(I10
I8
tp20
sS'edges'
p21
(dp22
S'bottom'
p23
(lp24
(I11
I12
tp25
a(I12
I12
tp26
a(I13
I12
tp27
assS'size'
p28
(I5
I5
tp29
sa(dp30
g19
(I4
I7
tp31
sg21
(dp32
sg28
(I5
I5
tp33
sa(dp34
g19
(I3
I13
tp35
sg21
(dp36
S'left'
p37
(lp38
(I3
I14
tp39
a(I3
I15
tp40
a(I3
I16
tp41
assg28
(I5
I5
tp42
sa(dp43
g19
(I4
I1
tp44
sg21
(dp45
S'top'
p46
(lp47
(I5
I1
tp48
a(I6
I1
tp49
a(I7
I1
tp50
asg37
(lp51
(I4
I2
tp52
a(I4
I3
tp53
a(I4
I4
tp54
asS'right'
p55
(lp56
(I8
I2
tp57
a(I8
I3
tp58
a(I8
I4
tp59
assg28
(I5
I5
tp60
sa(dp61
g19
(I16
I7
tp62
sg21
(dp63
g55
(lp64
(I20
I8
tp65
a(I20
I9
tp66
a(I20
I10
tp67
asg23
(lp68
(I17
I11
tp69
a(I18
I11
tp70
a(I19
I11
tp71
assg28
(I5
I5
tp72
sasS'entity_ids'
p73
(lp74
L2L
aL1L
aL3L
aL5L
aL4L
aL15L
aL13L
aL7L
aL11L
aL12L
asS'raw_seed'
p75
S'4-1-1-0001'
p76
sS'enemy_ratio'
p77
cdecimal
Decimal
p78
(S'0.50'
tRp79
sS'occupied'
p80
(lp81
(I4
I10
tp82
a(I13
I10
tp83
a(I5
I17
tp84
a(I6
I5
tp85
a(I20
I10
tp86
a(I17
I8
tp87
a(I8
I5
tp88
a(I6
I8
tp89
a(I8
I8
tp90
a(I6
I14
tp91
asS'style'
p92
Vdungeon
p93
sS'tileset'
p94
Vcaves
p95
sS'resource_ratio'
p96
g78
(S'0.60'
tRp97
sS'floor'
p98
S'1'
sS'last_dir'
p99
g55
sS'empty_row'
p100
(lp101
I-1
aI-1
aI-1
aI-1
aI-1
aI-1
aI-1
aI-1
aI-1
aI-1
aI-1
aI-1
aI-1
aI-1
aI-1
aI-1
aI-1
aI-1
aI-1
aI-1
aI-1
aI-1
aI-1
aI-1
asS'entities'
p102
(lp103
(dp104
S'coords'
p105
(lp106
I9
aI11
asS'type'
p107
S'door'
p108
sS'id'
p109
I2
sa(dp110
g105
(lp111
I6
aI14
asg107
g108
sg109
I1
sa(dp112
g105
(lp113
I5
aI8
asg107
g108
sg109
I1
sa(dp114
g105
(lp115
I15
aI11
asg107
g108
sg109
I1
sa(dp116
g105
(lp117
I4
aI12
asg107
S'trap'
p118
sg109
I3
sa(dp119
g105
(lp120
I13
aI12
asg107
g118
sg109
I5
sa(dp121
g105
(lp122
I5
aI19
asg107
g118
sg109
I4
sa(dp123
g105
(lp124
I6
aI7
asg107
g118
sg109
I15
sa(dp125
g105
(lp126
I20
aI12
asg107
g118
sg109
I5
sa(dp127
g105
(lp128
I17
aI10
asg107
S'resource'
p129
sg109
I13
sa(dp130
g105
(lp131
I8
aI7
asg107
g129
sg109
I7
sa(dp132
g105
(lp133
I6
aI10
asg107
g129
sg109
I13
sa(dp134
g105
(lp135
I8
aI10
asg107
S'enemy'
p136
sg109
I11
sa(dp137
g105
(lp138
I6
aI16
asg107
g136
sg109
I12
sasS'exit'
p139
(I19
I6
tp140
sS'doors'
p141
(lp142
sS'max_room_size'
p143
L5L
sS'map'
p144
(lp145
g101
ag101
a(lp146
I-1
aI-1
aI-1
aI0
aI0
aI0
aI0
aI0
aI0
aI0
aI-1
aI-1
aI-1
aI-1
aI-1
aI-1
aI-1
aI-1
aI-1
aI-1
aI-1
aI-1
aI-1
aI-1
aa(lp147
I-1
aI-1
aI-1
aI0
aI1
aI1
aI1
aI1
aI1
aI0
aI-1
aI-1
aI-1
aI-1
aI-1
aI-1
aI-1
aI-1
aI-1
aI-1
aI-1
aI-1
aI-1
aI-1
aa(lp148
I-1
aI-1
aI-1
aI0
aI1
aI1
aI1
aI1
aI1
aI0
aI-1
aI-1
aI-1
aI-1
aI-1
aI-1
aI-1
aI-1
aI-1
aI-1
aI-1
aI-1
aI-1
aI-1
aa(lp149
I-1
aI-1
aI-1
aI0
aI1
aI1
aI1
aI1
aI1
aI0
aI-1
aI-1
aI-1
aI-1
aI-1
aI-1
aI-1
aI-1
aI-1
aI-1
aI-1
aI-1
aI-1
aI-1
aa(lp150
I-1
aI-1
aI-1
aI0
aI1
aI1
aI1
aI1
aI1
aI0
aI-1
aI-1
aI-1
aI-1
aI-1
aI-1
aI-1
aI-1
aI-1
aI-1
aI-1
aI-1
aI-1
aI-1
aa(lp151
I-1
aI-1
aI-1
aI0
aI1
aI1
aI1
aI1
aI1
aI0
aI-1
aI-1
aI-1
aI-1
aI-1
aI-1
aI-1
aI-1
aI-1
aI-1
aI-1
aI-1
aI-1
aI-1
aa(lp152
I-1
aI-1
aI-1
aI0
aI0
aI1
aI0
aI0
aI0
aI0
aI-1
aI-1
aI-1
aI-1
aI-1
aI0
aI0
aI0
aI0
aI3
aI0
aI0
aI-1
aI-1
aa(lp153
I-1
aI-1
aI-1
aI0
aI1
aI1
aI1
aI1
aI1
aI0
aI0
aI2
aI0
aI0
aI0
aI0
aI1
aI1
aI1
aI1
aI1
aI0
aI-1
aI-1
aa(lp154
I-1
aI-1
aI-1
aI0
aI1
aI1
aI1
aI1
aI1
aI0
aI1
aI1
aI1
aI1
aI1
aI0
aI1
aI1
aI1
aI1
aI1
aI0
aI-1
aI-1
aa(lp155
I-1
aI-1
aI-1
aI0
aI1
aI1
aI1
aI1
aI1
aI1
aI1
aI1
aI1
aI1
aI1
aI1
aI1
aI1
aI1
aI1
aI1
aI0
aI-1
aI-1
aa(lp156
I-1
aI-1
aI-1
aI0
aI1
aI1
aI1
aI1
aI1
aI0
aI1
aI1
aI1
aI1
aI1
aI0
aI1
aI1
aI1
aI1
aI1
aI0
aI-1
aI-1
aa(lp157
I-1
aI-1
aI-1
aI0
aI1
aI1
aI1
aI1
aI1
aI0
aI1
aI1
aI1
aI1
aI1
aI0
aI1
aI1
aI1
aI1
aI1
aI0
aI-1
aI-1
aa(lp158
I-1
aI-1
aI0
aI0
aI0
aI0
aI1
aI0
aI0
aI0
aI1
aI1
aI1
aI1
aI1
aI0
aI0
aI0
aI0
aI0
aI0
aI0
aI-1
aI-1
aa(lp159
I-1
aI-1
aI0
aI1
aI1
aI1
aI1
aI1
aI0
aI0
aI0
aI0
aI0
aI0
aI0
aI0
aI-1
aI-1
aI-1
aI-1
aI-1
aI-1
aI-1
aI-1
aa(lp160
I-1
aI-1
aI0
aI1
aI1
aI1
aI1
aI1
aI0
aI-1
aI-1
aI-1
aI-1
aI-1
aI-1
aI-1
aI-1
aI-1
aI-1
aI-1
aI-1
aI-1
aI-1
aI-1
aa(lp161
I-1
aI-1
aI0
aI1
aI1
aI1
aI1
aI1
aI0
aI-1
aI-1
aI-1
aI-1
aI-1
aI-1
aI-1
aI-1
aI-1
aI-1
aI-1
aI-1
aI-1
aI-1
aI-1
aa(lp162
I-1
aI-1
aI0
aI1
aI1
aI1
aI1
aI1
aI0
aI-1
aI-1
aI-1
aI-1
aI-1
aI-1
aI-1
aI-1
aI-1
aI-1
aI-1
aI-1
aI-1
aI-1
aI-1
aa(lp163
I-1
aI-1
aI0
aI1
aI1
aI1
aI1
aI1
aI0
aI-1
aI-1
aI-1
aI-1
aI-1
aI-1
aI-1
aI-1
aI-1
aI-1
aI-1
aI-1
aI-1
aI-1
aI-1
aa(lp164
I-1
aI-1
aI0
aI0
aI0
aI0
aI0
aI0
aI0
aI-1
aI-1
aI-1
aI-1
aI-1
aI-1
aI-1
aI-1
aI-1
aI-1
aI-1
aI-1
aI-1
aI-1
aI-1
aa(lp165
I-1
aI-1
aI-1
aI-1
aI-1
aI-1
aI-1
aI-1
aI-1
aI-1
aI-1
aI-1
aI-1
aI-1
aI-1
aI-1
aI-1
aI-1
aI-1
aI-1
aI-1
aI-1
aI-1
aI-1
aa(lp166
I-1
aI-1
aI-1
aI-1
aI-1
aI-1
aI-1
aI-1
aI-1
aI-1
aI-1
aI-1
aI-1
aI-1
aI-1
aI-1
aI-1
aI-1
aI-1
aI-1
aI-1
aI-1
aI-1
aI-1
aa(lp167
I-1
aI-1
aI-1
aI-1
aI-1
aI-1
aI-1
aI-1
aI-1
aI-1
aI-1
aI-1
aI-1
aI-1
aI-1
aI-1
aI-1
aI-1
aI-1
aI-1
aI-1
aI-1
aI-1
aI-1
aasS'entrance'
p168
(I11
I7
tp169
sS'min_room_size'
p170
L5L
sS'variation'
p171
S'0003'
p172
sS'max_rooms'
p173
L5L
sS'seed'
p174
S'4-1-1-0001-F1-0003'
p175
sS'trap_ratio'
p176
g78
(S'1.00'
tRp177
sS'doorways'
p178
(lp179
(I9
I9
tp180
a(I6
I12
tp181
a(I5
I6
tp182
a(I15
I9
tp183
asS'name'
p184
VTest
p185
sS'floors'
p186
L1L
sS'y_offset'
p187
I2
sS'x_offset'
p188
I0
sS'min_rooms'
p189
L5L
sS'descriptions'
p190
(lp191
(dp192
S'tl_y'
p193
I10
sS'tl_x'
p194
I10
sS'br_y'
p195
I14
sS'br_x'
p196
I14
sS'description'
p197
S'You feel a strange presence nearby...'
p198
sa(dp199
g193
I9
sg194
I4
sg195
I13
sg196
I8
sg197
S'Something shiny is poking up out of the ground here. Could it be... treasure?'
p200
sa(dp201
g193
I15
sg194
I3
sg195
I19
sg196
I7
sg197
S"There's some sort of dais here. Could it be important?"
p202
sa(dp203
g193
I3
sg194
I4
sg195
I7
sg196
I8
sg197
S'Scattered around this room are several posts brandishing some sort of banner or flag. They seem to be freshly planted.'
p204
sa(dp205
g193
I9
sg194
I16
sg195
I13
sg196
I20
sg197
S'You spot cut rope and bits of cloth in this room, were other adventurers here recently?'
p206
sasb.
==== END REROLL ====
